#
# There is insufficient memory for the Java Runtime Environment to continue.
# Native memory allocation (malloc) failed to allocate 488016 bytes for Chunk::new
# Possible reasons:
#   The system is out of physical RAM or swap space
#   In 32 bit mode, the process size limit was hit
# Possible solutions:
#   Reduce memory load on the system
#   Increase physical memory or swap space
#   Check if swap backing store is full
#   Use 64 bit Java on a 64 bit OS
#   Decrease Java heap size (-Xmx/-Xms)
#   Decrease number of Java threads
#   Decrease Java thread stack sizes (-Xss)
#   Set larger code cache with -XX:ReservedCodeCacheSize=
# This output file may be truncated or incomplete.
#
#  Out of Memory Error (allocation.cpp:390), pid=25884, tid=25988
#
# JRE version: Java(TM) SE Runtime Environment (8.0_40-b26) (build 1.8.0_40-b26)
# Java VM: Java HotSpot(TM) 64-Bit Server VM (25.40-b25 mixed mode windows-amd64 compressed oops)
# Failed to write core dump. Minidumps are not enabled by default on client versions of Windows
#

---------------  T H R E A D  ---------------

Current thread (0x00000000561e1800):  JavaThread "C2 CompilerThread0" daemon [_thread_in_native, id=25988, stack(0x0000000056b20000,0x0000000056c20000)]

Stack: [0x0000000056b20000,0x0000000056c20000]
Native frames: (J=compiled Java code, j=interpreted, Vv=VM code, C=native code)
V  [jvm.dll+0x32b47a]


Current CompileTask:
C2:   5604 1046 % !   4       sun.net.www.ParseUtil::decode @ 69 (316 bytes)


---------------  P R O C E S S  ---------------

Java Threads: ( => current thread )
  0x000000005626e800 JavaThread "Service Thread" daemon [_thread_blocked, id=26000, stack(0x0000000056e90000,0x0000000056f90000)]
  0x00000000561e8800 JavaThread "C1 CompilerThread2" daemon [_thread_blocked, id=25996, stack(0x0000000056d90000,0x0000000056e90000)]
  0x00000000561e7000 JavaThread "C2 CompilerThread1" daemon [_thread_blocked, id=25992, stack(0x0000000056c70000,0x0000000056d70000)]
=>0x00000000561e1800 JavaThread "C2 CompilerThread0" daemon [_thread_in_native, id=25988, stack(0x0000000056b20000,0x0000000056c20000)]
  0x00000000561df800 JavaThread "Monitor Ctrl-Break" daemon [_thread_in_native, id=25984, stack(0x0000000056980000,0x0000000056a80000)]
  0x0000000056198800 JavaThread "Attach Listener" daemon [_thread_blocked, id=25980, stack(0x0000000056830000,0x0000000056930000)]
  0x0000000054c90000 JavaThread "Signal Dispatcher" daemon [_thread_blocked, id=25976, stack(0x0000000056710000,0x0000000056810000)]
  0x0000000054c38800 JavaThread "Finalizer" daemon [_thread_blocked, id=25972, stack(0x0000000056090000,0x0000000056190000)]
  0x0000000054c31800 JavaThread "Reference Handler" daemon [_thread_blocked, id=25968, stack(0x0000000055ce0000,0x0000000055de0000)]
  0x00000000021a8800 JavaThread "main" [_thread_in_Java, id=25944, stack(0x00000000023e0000,0x00000000024e0000)]

Other Threads:
  0x0000000054c2c000 VMThread [stack: 0x0000000055e80000,0x0000000055f80000] [id=25964]
  0x0000000056275800 WatcherThread [stack: 0x0000000057030000,0x0000000057130000] [id=26004]

VM state:not at safepoint (normal execution)

VM Mutex/Monitor currently owned by a thread: None

Heap:
 PSYoungGen      total 33280K, used 11138K [0x00000000ec400000, 0x00000000ee700000, 0x0000000100000000)
  eden space 30720K, 27% used [0x00000000ec400000,0x00000000ecc62938,0x00000000ee200000)
  from space 2560K, 99% used [0x00000000ee480000,0x00000000ee6fe010,0x00000000ee700000)
  to   space 2560K, 0% used [0x00000000ee200000,0x00000000ee200000,0x00000000ee480000)
 ParOldGen       total 40960K, used 5061K [0x00000000c4c00000, 0x00000000c7400000, 0x00000000ec400000)
  object space 40960K, 12% used [0x00000000c4c00000,0x00000000c50f1478,0x00000000c7400000)
 Metaspace       used 11807K, capacity 11954K, committed 12032K, reserved 1060864K
  class space    used 1438K, capacity 1510K, committed 1536K, reserved 1048576K

Card table byte_map: [0x0000000011a60000,0x0000000011c40000] byte_map_base: 0x000000001143a000

Marking Bits: (ParMarkBitMap*) 0x000000006d1f4040
 Begin Bits: [0x0000000012320000, 0x00000000131f0000)
 End Bits:   [0x00000000131f0000, 0x00000000140c0000)

Polling page: 0x0000000000220000

CodeCache: size=245760Kb used=4196Kb max_used=4196Kb free=241563Kb
 bounds [0x00000000026a0000, 0x0000000002ac0000, 0x00000000116a0000]
 total_blobs=1448 nmethods=1106 adapters=255
 compilation: enabled

Compilation events (10 events):
Event: 5.546 Thread 0x00000000561e8800 nmethod 1082 0x0000000002aa4b90 code [0x0000000002aa4d20, 0x0000000002aa5170]
Event: 5.546 Thread 0x00000000561e8800 1084       3       java.util.HashMap$HashIterator::<init> (79 bytes)
Event: 5.546 Thread 0x00000000561e8800 nmethod 1084 0x0000000002aa4510 code [0x0000000002aa4680, 0x0000000002aa4a10]
Event: 5.546 Thread 0x00000000561e8800 1083       3       sun.reflect.annotation.AnnotationParser::parseAnnotations2 (135 bytes)
Event: 5.548 Thread 0x00000000561e8800 nmethod 1083 0x0000000002aa6710 code [0x0000000002aa6ac0, 0x0000000002aa8958]
Event: 5.548 Thread 0x00000000561e7000 1085       4       java.util.jar.Manifest$FastInputStream::readLine (167 bytes)
Event: 5.551 Thread 0x00000000561e8800 1087       3       com.google.inject.TypeLiteral::get (9 bytes)
Event: 5.551 Thread 0x00000000561e8800 nmethod 1087 0x0000000002aa4110 code [0x0000000002aa4280, 0x0000000002aa4448]
Event: 5.554 Thread 0x00000000561e7000 nmethod 1085 0x0000000002aa3950 code [0x0000000002aa3aa0, 0x0000000002aa3ea8]
Event: 5.554 Thread 0x00000000561e7000 1086       4       com.google.inject.spi.InjectionPoint$3::compare (13 bytes)

GC Heap History (8 events):
Event: 3.414 GC heap before
{Heap before GC invocations=1 (full 0):
 PSYoungGen      total 17920K, used 15360K [0x00000000ec400000, 0x00000000ed800000, 0x0000000100000000)
  eden space 15360K, 100% used [0x00000000ec400000,0x00000000ed300000,0x00000000ed300000)
  from space 2560K, 0% used [0x00000000ed580000,0x00000000ed580000,0x00000000ed800000)
  to   space 2560K, 0% used [0x00000000ed300000,0x00000000ed300000,0x00000000ed580000)
 ParOldGen       total 40960K, used 0K [0x00000000c4c00000, 0x00000000c7400000, 0x00000000ec400000)
  object space 40960K, 0% used [0x00000000c4c00000,0x00000000c4c00000,0x00000000c7400000)
 Metaspace       used 6509K, capacity 6620K, committed 6656K, reserved 1056768K
  class space    used 716K, capacity 760K, committed 768K, reserved 1048576K
Event: 3.435 GC heap after
Heap after GC invocations=1 (full 0):
 PSYoungGen      total 17920K, used 2546K [0x00000000ec400000, 0x00000000ed800000, 0x0000000100000000)
  eden space 15360K, 0% used [0x00000000ec400000,0x00000000ec400000,0x00000000ed300000)
  from space 2560K, 99% used [0x00000000ed300000,0x00000000ed57c888,0x00000000ed580000)
  to   space 2560K, 0% used [0x00000000ed580000,0x00000000ed580000,0x00000000ed800000)
 ParOldGen       total 40960K, used 465K [0x00000000c4c00000, 0x00000000c7400000, 0x00000000ec400000)
  object space 40960K, 1% used [0x00000000c4c00000,0x00000000c4c74438,0x00000000c7400000)
 Metaspace       used 6509K, capacity 6620K, committed 6656K, reserved 1056768K
  class space    used 716K, capacity 760K, committed 768K, reserved 1048576K
}
Event: 5.033 GC heap before
{Heap before GC invocations=2 (full 0):
 PSYoungGen      total 17920K, used 17906K [0x00000000ec400000, 0x00000000ed800000, 0x0000000100000000)
  eden space 15360K, 100% used [0x00000000ec400000,0x00000000ed300000,0x00000000ed300000)
  from space 2560K, 99% used [0x00000000ed300000,0x00000000ed57c888,0x00000000ed580000)
  to   space 2560K, 0% used [0x00000000ed580000,0x00000000ed580000,0x00000000ed800000)
 ParOldGen       total 40960K, used 465K [0x00000000c4c00000, 0x00000000c7400000, 0x00000000ec400000)
  object space 40960K, 1% used [0x00000000c4c00000,0x00000000c4c74438,0x00000000c7400000)
 Metaspace       used 8743K, capacity 8892K, committed 9088K, reserved 1056768K
  class space    used 1036K, capacity 1112K, committed 1152K, reserved 1048576K
Event: 5.067 GC heap after
Heap after GC invocations=2 (full 0):
 PSYoungGen      total 17920K, used 2531K [0x00000000ec400000, 0x00000000ee700000, 0x0000000100000000)
  eden space 15360K, 0% used [0x00000000ec400000,0x00000000ec400000,0x00000000ed300000)
  from space 2560K, 98% used [0x00000000ed580000,0x00000000ed7f8c08,0x00000000ed800000)
  to   space 2560K, 0% used [0x00000000ed300000,0x00000000ed300000,0x00000000ed580000)
 ParOldGen       total 40960K, used 1855K [0x00000000c4c00000, 0x00000000c7400000, 0x00000000ec400000)
  object space 40960K, 4% used [0x00000000c4c00000,0x00000000c4dcfd60,0x00000000c7400000)
 Metaspace       used 8743K, capacity 8892K, committed 9088K, reserved 1056768K
  class space    used 1036K, capacity 1112K, committed 1152K, reserved 1048576K
}
Event: 5.245 GC heap before
{Heap before GC invocations=3 (full 0):
 PSYoungGen      total 17920K, used 17891K [0x00000000ec400000, 0x00000000ee700000, 0x0000000100000000)
  eden space 15360K, 100% used [0x00000000ec400000,0x00000000ed300000,0x00000000ed300000)
  from space 2560K, 98% used [0x00000000ed580000,0x00000000ed7f8c08,0x00000000ed800000)
  to   space 2560K, 0% used [0x00000000ed300000,0x00000000ed300000,0x00000000ed580000)
 ParOldGen       total 40960K, used 1855K [0x00000000c4c00000, 0x00000000c7400000, 0x00000000ec400000)
  object space 40960K, 4% used [0x00000000c4c00000,0x00000000c4dcfd60,0x00000000c7400000)
 Metaspace       used 9654K, capacity 9778K, committed 9984K, reserved 1058816K
  class space    used 1152K, capacity 1212K, committed 1280K, reserved 1048576K
Event: 5.249 GC heap after
Heap after GC invocations=3 (full 0):
 PSYoungGen      total 17920K, used 2536K [0x00000000ec400000, 0x00000000ee700000, 0x0000000100000000)
  eden space 15360K, 0% used [0x00000000ec400000,0x00000000ec400000,0x00000000ed300000)
  from space 2560K, 99% used [0x00000000ed300000,0x00000000ed57a040,0x00000000ed580000)
  to   space 2560K, 0% used [0x00000000ee480000,0x00000000ee480000,0x00000000ee700000)
 ParOldGen       total 40960K, used 3067K [0x00000000c4c00000, 0x00000000c7400000, 0x00000000ec400000)
  object space 40960K, 7% used [0x00000000c4c00000,0x00000000c4efec28,0x00000000c7400000)
 Metaspace       used 9654K, capacity 9778K, committed 9984K, reserved 1058816K
  class space    used 1152K, capacity 1212K, committed 1280K, reserved 1048576K
}
Event: 5.457 GC heap before
{Heap before GC invocations=4 (full 0):
 PSYoungGen      total 17920K, used 17896K [0x00000000ec400000, 0x00000000ee700000, 0x0000000100000000)
  eden space 15360K, 100% used [0x00000000ec400000,0x00000000ed300000,0x00000000ed300000)
  from space 2560K, 99% used [0x00000000ed300000,0x00000000ed57a040,0x00000000ed580000)
  to   space 2560K, 0% used [0x00000000ee480000,0x00000000ee480000,0x00000000ee700000)
 ParOldGen       total 40960K, used 3067K [0x00000000c4c00000, 0x00000000c7400000, 0x00000000ec400000)
  object space 40960K, 7% used [0x00000000c4c00000,0x00000000c4efec28,0x00000000c7400000)
 Metaspace       used 10977K, capacity 11112K, committed 11392K, reserved 1058816K
  class space    used 1323K, capacity 1380K, committed 1408K, reserved 1048576K
Event: 5.463 GC heap after
Heap after GC invocations=4 (full 0):
 PSYoungGen      total 33280K, used 2552K [0x00000000ec400000, 0x00000000ee700000, 0x0000000100000000)
  eden space 30720K, 0% used [0x00000000ec400000,0x00000000ec400000,0x00000000ee200000)
  from space 2560K, 99% used [0x00000000ee480000,0x00000000ee6fe010,0x00000000ee700000)
  to   space 2560K, 0% used [0x00000000ee200000,0x00000000ee200000,0x00000000ee480000)
 ParOldGen       total 40960K, used 5061K [0x00000000c4c00000, 0x00000000c7400000, 0x00000000ec400000)
  object space 40960K, 12% used [0x00000000c4c00000,0x00000000c50f1478,0x00000000c7400000)
 Metaspace       used 10977K, capacity 11112K, committed 11392K, reserved 1058816K
  class space    used 1323K, capacity 1380K, committed 1408K, reserved 1048576K
}

Deoptimization events (10 events):
Event: 4.981 Thread 0x00000000021a8800 Uncommon trap: reason=unstable_if action=reinterpret pc=0x000000000293edb8 method=java.util.HashMap.getNode(ILjava/lang/Object;)Ljava/util/HashMap$Node; @ 129
Event: 5.109 Thread 0x00000000021a8800 Uncommon trap: reason=unstable_if action=reinterpret pc=0x0000000002998f0c method=sun.nio.cs.StreamDecoder.implRead([CII)I @ 197
Event: 5.109 Thread 0x00000000021a8800 Uncommon trap: reason=unstable_if action=reinterpret pc=0x000000000298da38 method=java.io.Reader.read()I @ 12
Event: 5.112 Thread 0x00000000021a8800 Uncommon trap: reason=unstable_if action=reinterpret pc=0x00000000029a5d50 method=org.codehaus.plexus.util.xml.pull.MXParser.nextImpl()I @ 241
Event: 5.113 Thread 0x00000000021a8800 Uncommon trap: reason=unstable_if action=reinterpret pc=0x0000000002993090 method=sun.nio.cs.StreamDecoder.implRead([CII)I @ 197
Event: 5.113 Thread 0x00000000021a8800 Uncommon trap: reason=unstable_if action=reinterpret pc=0x000000000298ef44 method=java.io.Reader.read()I @ 12
Event: 5.174 Thread 0x00000000021a8800 Uncommon trap: reason=unstable_if action=reinterpret pc=0x000000000294b4b0 method=java.util.HashMap.getNode(ILjava/lang/Object;)Ljava/util/HashMap$Node; @ 129
Event: 5.174 Thread 0x00000000021a8800 Uncommon trap: reason=class_check action=maybe_recompile pc=0x00000000029ec8e4 method=java.util.HashMap.putVal(ILjava/lang/Object;Ljava/lang/Object;ZZ)Ljava/lang/Object; @ 203
Event: 5.186 Thread 0x00000000021a8800 Uncommon trap: reason=range_check action=make_not_entrant pc=0x00000000029e9e50 method=sun.reflect.generics.parser.SignatureParser.current()C @ 34
Event: 5.337 Thread 0x00000000021a8800 Uncommon trap: reason=unstable_if action=reinterpret pc=0x00000000029f51f4 method=java.lang.String.lastIndexOf([CII[CIII)I @ 118

Internal exceptions (10 events):
Event: 1.560 Thread 0x0000000056198800 Exception <a 'java/security/PrivilegedActionException'> (0x00000000ec6f3f68) thrown at [D:\re\workspace\8-2-build-windows-amd64-cygwin\jdk8u40\3098\hotspot\src\share\vm\prims\jvm.cpp, line 1382]
Event: 1.560 Thread 0x0000000056198800 Exception <a 'java/security/PrivilegedActionException'> (0x00000000ec6f4120) thrown at [D:\re\workspace\8-2-build-windows-amd64-cygwin\jdk8u40\3098\hotspot\src\share\vm\prims\jvm.cpp, line 1382]
Event: 1.561 Thread 0x0000000056198800 Exception <a 'java/security/PrivilegedActionException'> (0x00000000ec6f8048) thrown at [D:\re\workspace\8-2-build-windows-amd64-cygwin\jdk8u40\3098\hotspot\src\share\vm\prims\jvm.cpp, line 1382]
Event: 1.561 Thread 0x0000000056198800 Exception <a 'java/security/PrivilegedActionException'> (0x00000000ec6f8200) thrown at [D:\re\workspace\8-2-build-windows-amd64-cygwin\jdk8u40\3098\hotspot\src\share\vm\prims\jvm.cpp, line 1382]
Event: 4.971 Thread 0x00000000021a8800 Exception <a 'java/lang/ArrayIndexOutOfBoundsException'> (0x00000000ece9e498) thrown at [D:\re\workspace\8-2-build-windows-amd64-cygwin\jdk8u40\3098\hotspot\src\share\vm\runtime\sharedRuntime.cpp, line 605]
Event: 4.973 Thread 0x00000000021a8800 Exception <a 'java/lang/ArrayIndexOutOfBoundsException'> (0x00000000ecebe3f8) thrown at [D:\re\workspace\8-2-build-windows-amd64-cygwin\jdk8u40\3098\hotspot\src\share\vm\runtime\sharedRuntime.cpp, line 605]
Event: 4.980 Thread 0x00000000021a8800 Exception <a 'java/lang/ArrayIndexOutOfBoundsException'> (0x00000000ecf05640) thrown at [D:\re\workspace\8-2-build-windows-amd64-cygwin\jdk8u40\3098\hotspot\src\share\vm\runtime\sharedRuntime.cpp, line 605]
Event: 5.126 Thread 0x00000000021a8800 Exception <a 'java/lang/ArrayIndexOutOfBoundsException'> (0x00000000eca3d270) thrown at [D:\re\workspace\8-2-build-windows-amd64-cygwin\jdk8u40\3098\hotspot\src\share\vm\runtime\sharedRuntime.cpp, line 605]
Event: 5.127 Thread 0x00000000021a8800 Exception <a 'java/lang/ArrayIndexOutOfBoundsException'> (0x00000000eca41af8) thrown at [D:\re\workspace\8-2-build-windows-amd64-cygwin\jdk8u40\3098\hotspot\src\share\vm\runtime\sharedRuntime.cpp, line 605]
Event: 5.186 Thread 0x00000000021a8800 Exception <a 'java/lang/ArrayIndexOutOfBoundsException': 66> (0x00000000ecdba490) thrown at [D:\re\workspace\8-2-build-windows-amd64-cygwin\jdk8u40\3098\hotspot\src\share\vm\interpreter\interpreterRuntime.cpp, line 366]

Events (10 events):
Event: 5.555 loading class org/apache/maven/repository/ArtifactTransferListener
Event: 5.555 loading class org/apache/maven/repository/ArtifactTransferListener done
Event: 5.555 loading class org/apache/maven/settings/Proxy
Event: 5.555 loading class org/apache/maven/settings/Proxy done
Event: 5.556 loading class org/apache/maven/artifact/handler/DefaultArtifactHandler
Event: 5.557 loading class org/apache/maven/artifact/handler/DefaultArtifactHandler done
Event: 5.557 loading class org/apache/maven/execution/BuildSummary
Event: 5.557 loading class org/apache/maven/execution/BuildSummary done
Event: 5.557 loading class org/apache/maven/execution/BuildSuccess
Event: 5.558 loading class org/apache/maven/execution/BuildSuccess done


Dynamic libraries:
0x000000013fd60000 - 0x000000013fd97000 	D:\Program Files\Java\jdk1.8.0_40\bin\java.exe
0x00000000772b0000 - 0x000000007744f000 	C:\Windows\SYSTEM32\ntdll.dll
0x0000000077190000 - 0x00000000772af000 	C:\Windows\system32\kernel32.dll
0x000007fefd180000 - 0x000007fefd1ea000 	C:\Windows\system32\KERNELBASE.dll
0x000007fefe8f0000 - 0x000007fefe9cb000 	C:\Windows\system32\ADVAPI32.dll
0x000007feff0c0000 - 0x000007feff15f000 	C:\Windows\system32\msvcrt.dll
0x000007fefe2b0000 - 0x000007fefe2cf000 	C:\Windows\SYSTEM32\sechost.dll
0x000007feff470000 - 0x000007feff59d000 	C:\Windows\system32\RPCRT4.dll
0x0000000077090000 - 0x000000007718a000 	C:\Windows\system32\USER32.dll
0x000007fefe7b0000 - 0x000007fefe817000 	C:\Windows\system32\GDI32.dll
0x000007fefea50000 - 0x000007fefea5e000 	C:\Windows\system32\LPK.dll
0x000007fefe820000 - 0x000007fefe8e9000 	C:\Windows\system32\USP10.dll
0x000007fefb950000 - 0x000007fefbb44000 	C:\Windows\WinSxS\amd64_microsoft.windows.common-controls_6595b64144ccf1df_6.0.7601.18837_none_fa3b1e3d17594757\COMCTL32.dll
0x000007fefef00000 - 0x000007fefef71000 	C:\Windows\system32\SHLWAPI.dll
0x000007feff430000 - 0x000007feff45e000 	C:\Windows\system32\IMM32.DLL
0x000007fefedf0000 - 0x000007fefeef9000 	C:\Windows\system32\MSCTF.dll
0x000007fefceb0000 - 0x000007fefcee2000 	C:\Windows\system32\nvinitx.dll
0x000007fefcea0000 - 0x000007fefceac000 	C:\Windows\system32\VERSION.dll
0x0000000074bb0000 - 0x0000000074bb6000 	C:\Program Files\NVIDIA Corporation\CoProcManager\detoured.dll
0x000007fefa210000 - 0x000007fefa248000 	C:\Program Files\NVIDIA Corporation\CoProcManager\nvd3d9wrapx.dll
0x000007fefd340000 - 0x000007fefd517000 	C:\Windows\system32\SETUPAPI.dll
0x000007fefd1f0000 - 0x000007fefd226000 	C:\Windows\system32\CFGMGR32.dll
0x000007fefe660000 - 0x000007fefe738000 	C:\Windows\system32\OLEAUT32.dll
0x000007fefebf0000 - 0x000007fefedec000 	C:\Windows\system32\ole32.dll
0x000007fefd2d0000 - 0x000007fefd2ea000 	C:\Windows\system32\DEVOBJ.dll
0x000007fefa1e0000 - 0x000007fefa204000 	C:\Program Files\NVIDIA Corporation\CoProcManager\nvdxgiwrapx.dll
0x00000000703f0000 - 0x00000000704c2000 	D:\Program Files\Java\jdk1.8.0_40\jre\bin\msvcr100.dll
0x000000006c9f0000 - 0x000000006d273000 	D:\Program Files\Java\jdk1.8.0_40\jre\bin\server\jvm.dll
0x000007fef8160000 - 0x000007fef8169000 	C:\Windows\system32\WSOCK32.dll
0x000007fefe740000 - 0x000007fefe78d000 	C:\Windows\system32\WS2_32.dll
0x000007feff460000 - 0x000007feff468000 	C:\Windows\system32\NSI.dll
0x000007fef9a50000 - 0x000007fef9a8b000 	C:\Windows\system32\WINMM.dll
0x0000000077450000 - 0x0000000077457000 	C:\Windows\system32\PSAPI.DLL
0x00000000743e0000 - 0x00000000743ef000 	D:\Program Files\Java\jdk1.8.0_40\jre\bin\verify.dll
0x00000000732f0000 - 0x0000000073319000 	D:\Program Files\Java\jdk1.8.0_40\jre\bin\java.dll
0x0000000070660000 - 0x0000000070683000 	D:\Program Files\Java\jdk1.8.0_40\jre\bin\instrument.dll
0x0000000073740000 - 0x0000000073756000 	D:\Program Files\Java\jdk1.8.0_40\jre\bin\zip.dll
0x000007fefd520000 - 0x000007fefe2aa000 	C:\Windows\system32\SHELL32.dll
0x000007fefcf80000 - 0x000007fefcf8f000 	C:\Windows\system32\profapi.dll
0x000007fef8fd0000 - 0x000007fef8fea000 	D:\Program Files\JetBrains\IntelliJ IDEA 2020.1.4\bin\breakgen64.dll
0x0000000070ac0000 - 0x0000000070ada000 	D:\Program Files\Java\jdk1.8.0_40\jre\bin\net.dll
0x000007fefc6e0000 - 0x000007fefc735000 	C:\Windows\system32\mswsock.dll
0x000007fefc6d0000 - 0x000007fefc6d7000 	C:\Windows\System32\wship6.dll
0x000007fefc740000 - 0x000007fefc757000 	C:\Windows\system32\CRYPTSP.dll
0x000007fefc440000 - 0x000007fefc487000 	C:\Windows\system32\rsaenh.dll
0x000007fefd320000 - 0x000007fefd33e000 	C:\Windows\system32\USERENV.dll
0x000007fefcdd0000 - 0x000007fefcddf000 	C:\Windows\system32\CRYPTBASE.dll
0x000007fefb050000 - 0x000007fefb077000 	C:\Windows\system32\IPHLPAPI.DLL
0x000007fefb040000 - 0x000007fefb04b000 	C:\Windows\system32\WINNSI.DLL
0x000007fefb020000 - 0x000007fefb031000 	C:\Windows\system32\dhcpcsvc6.DLL
0x000007fefb000000 - 0x000007fefb018000 	C:\Windows\system32\dhcpcsvc.DLL
0x0000000070640000 - 0x0000000070651000 	D:\Program Files\Java\jdk1.8.0_40\jre\bin\nio.dll
0x000007fef8fc0000 - 0x000007fef8fca000 	C:\Users\Administrator\AppData\Local\Temp\jansi-1.17.1-715514593819430367.dll
0x000007fef8fb0000 - 0x000007fef8fba000 	C:\Users\Administrator\AppData\Local\Temp\jansi-1.17.1-8193818155834618397.dll
0x000007fef6550000 - 0x000007fef6675000 	C:\Windows\system32\dbghelp.dll

VM Arguments:
jvm_args: -Dmaven.multiModuleProjectDirectory=H:\ThoughtWorks\new homework -Dmaven.home=D:\Program Files\JetBrains\IntelliJ IDEA 2020.1.4\plugins\maven\lib\maven3 -Dclassworlds.conf=D:\Program Files\JetBrains\IntelliJ IDEA 2020.1.4\plugins\maven\lib\maven3\bin\m2.conf -Dmaven.ext.class.path=D:\Program Files\JetBrains\IntelliJ IDEA 2020.1.4\plugins\maven\lib\maven-event-listener.jar -javaagent:D:\Program Files\JetBrains\IntelliJ IDEA 2020.1.4\lib\idea_rt.jar=53932:D:\Program Files\JetBrains\IntelliJ IDEA 2020.1.4\bin -Dfile.encoding=UTF-8 
java_command: org.codehaus.classworlds.Launcher -Didea.version2020.1.4 clean
java_class_path (initial): D:\Program Files\JetBrains\IntelliJ IDEA 2020.1.4\plugins\maven\lib\maven3\boot\plexus-classworlds-2.6.0.jar;D:\Program Files\JetBrains\IntelliJ IDEA 2020.1.4\plugins\maven\lib\maven3\boot\plexus-classworlds.license;D:\Program Files\JetBrains\IntelliJ IDEA 2020.1.4\lib\idea_rt.jar
Launcher Type: SUN_STANDARD

Environment Variables:
JAVA_HOME=D:\Program Files\Java\jdk1.8.0_40\
CLASSPATH=.;D:\Program Files\Java\jdk1.8.0_40\\lib\dt.jar;D:\Program Files\Java\jdk1.8.0_40\\lib\tools.jar;H:\myeclipseµÈÈí¼þ\mysql-connector-java-5.1.39\mysql-connector-java-5.1.39-bin.jar;D:\apache-ant-1.10.1-bin\apache-ant-1.10.1\lib
PATH=C:\ProgramData\Oracle\Java\javapath;C:\Windows\system32;C:\Windows;C:\Windows\System32\Wbem;C:\Windows\System32\WindowsPowerShell\v1.0\;C:\Program Files (x86)\Windows7Master;%JAVA_HOME%\bin;%JAVA_HOME%\jre\bin;%MYSQL_HOME%\bin;%TOMCAT_ HOME%\bin;D:\gradle-3.5-bin\gradle-3.5\bin;E:\Android\android-sdk-windows\tools;E:\Android\android-sdk-windows\platform-tools;C:\Program Files\nodejs\;D:\Program Files\Git\cmd;D:\Program Files\Java\jdk1.8.0_40\\bin;D:\Program Files\Java\jdk1.8.0_40\\jre\bin;D:\Program Files\Microsoft VS Code\bin;C:\Users\Administrator\AppData\Roaming\npm;D:\apache-ant-1.10.1-bin\apache-ant-1.10.1\bin;H:\java\maven\apache-maven-3.6.0-bin\apache-maven-3.6.0\bin;H:\java\maven\repository;D:\Program Files\JetBrains\IntelliJ IDEA 2020.1.4\bin;
USERNAME=Administrator
OS=Windows_NT
PROCESSOR_IDENTIFIER=Intel64 Family 6 Model 60 Stepping 3, GenuineIntel



---------------  S Y S T E M  ---------------

OS: Windows 7 , 64 bit Build 7601 (6.1.7601.24150)

CPU:total 4 (2 cores per cpu, 2 threads per core) family 6 model 60 stepping 3, cmov, cx8, fxsr, mmx, sse, sse2, sse3, ssse3, sse4.1, sse4.2, popcnt, avx, avx2, clmul, erms, lzcnt, ht, tsc, tscinvbit, bmi1, bmi2

Memory: 4k page, physical 3878372k(213376k free), swap 7772020k(4276k free)

vm_info: Java HotSpot(TM) 64-Bit Server VM (25.40-b25) for windows-amd64 JRE (1.8.0_40-b26), built on Mar  7 2015 13:51:59 by "java_re" with MS VC++ 10.0 (VS2010)

time: Fri Jul 31 21:20:42 2020
elapsed time: 5 seconds (0d 0h 0m 5s)

